 :[PASS]: record inserted to eee : Unknow : U516fb04857ee160265efa25ae3055f09 Successfully
 :[PASS]: record inserted to eee : Unknow : U516fb04857ee160265efa25ae3055f09 Successfully
 :[PASS]: record inserted to hhhh : Unknow : U516fb04857ee160265efa25ae3055f09 Successfully
 :[PASS]: record inserted to dddd : Unknow : U516fb04857ee160265efa25ae3055f09 Successfully
 :[PASS]: record inserted to fff : Unknow : U516fb04857ee160265efa25ae3055f09 Successfully
 :[PASS]: record inserted to ดดดดด : Unknow : U516fb04857ee160265efa25ae3055f09 Successfully
 :[PASS]: record inserted to ddddd : Unknow : U516fb04857ee160265efa25ae3055f09 Successfully
 :[PASS]: record inserted to vvv : Unknow : U516fb04857ee160265efa25ae3055f09 Successfully
 :[PASS]: record inserted to rrrrr : Unknow : U516fb04857ee160265efa25ae3055f09 Successfully
 :[PASS]: record inserted to hhhhhhh : Unknow : U516fb04857ee160265efa25ae3055f09 Successfully
 :[PASS]: record inserted to ทดสอบ : BIG DIGITAL BUSINESS : U3a2861ca14f38e266a0cd4d21d611f05 Successfully
 :[PASS]: record inserted to dddd : Unknow : U516fb04857ee160265efa25ae3055f09 Successfully
 :[PASS]: record inserted to qqqq : Unknow : U516fb04857ee160265efa25ae3055f09 Successfully
 :[PASS]: record inserted to qqqq : Unknow : U516fb04857ee160265efa25ae3055f09 Successfully
 :[PASS]: record inserted to vvvvv : Unknow : U516fb04857ee160265efa25ae3055f09 Successfully
 :[PASS]: record inserted to sss : Unknow : U516fb04857ee160265efa25ae3055f09 Successfully
 :[PASS]: record inserted to ddddddd : Unknow : U516fb04857ee160265efa25ae3055f09 Successfully
 :[PASS]: record inserted to ssss : Unknow : U516fb04857ee160265efa25ae3055f09 Successfully
 :[PASS]: record inserted to ทดสอบ : BIG DIGITAL BUSINESS : U3a2861ca14f38e266a0cd4d21d611f05 Successfully
 :[PASS]: record inserted to sssssssss : Unknow : U516fb04857ee160265efa25ae3055f09 Successfully
 :[PASS]: record inserted to dddd : Unknow : U516fb04857ee160265efa25ae3055f09 Successfully
 :[PASS]: record inserted to cxcvxcv : Unknow : U516fb04857ee160265efa25ae3055f09 Successfully
 :[PASS]: record inserted to ทดสอบ : BIG DIGITAL BUSINESS : U3a2861ca14f38e266a0cd4d21d611f05 Successfully
 :[PASS]: record inserted to 22222 : Unknow : U516fb04857ee160265efa25ae3055f09 Successfully
 :[PASS]: record inserted to sss : Unknow : U516fb04857ee160265efa25ae3055f09 Successfully
 :[PASS]: record inserted to dddd : Unknow : U516fb04857ee160265efa25ae3055f09 Successfully
 :[PASS]: record inserted to cxcc : Unknow : U516fb04857ee160265efa25ae3055f09 Successfully
 :[PASS]: record inserted to แแ : Unknow : U516fb04857ee160265efa25ae3055f09 Successfully
 :[PASS]: record inserted to sdfgdfg : Unknow : U516fb04857ee160265efa25ae3055f09 Successfully
 :[PASS]: record inserted to dfdf : Unknow : U516fb04857ee160265efa25ae3055f09 Successfully
 :[PASS]: record inserted to eeee : Unknow : U516fb04857ee160265efa25ae3055f09 Successfully
 :[PASS]: record inserted to dfgdfg : Unknow : U516fb04857ee160265efa25ae3055f09 Successfully
 :[PASS]: record inserted to Test : BIG DIGITAL BUSINESS : U3a2861ca14f38e266a0cd4d21d611f05 Successfully
 :[PASS]: record inserted to ทดสอบ : BIG DIGITAL BUSINESS : U3a2861ca14f38e266a0cd4d21d611f05 Successfully
 :[PASS]: record inserted to Bank : BANKK® : Ua7a8d71a4182b70263430a9bb696c42e Successfully
 :[PASS]: record inserted to  :  :  Successfully
 :[PASS]: record inserted to  :  :  Successfully
 :[PASS]: record inserted to  :  :  Successfully
 :[PASS]: record inserted to  :  :  Successfully
 :[PASS]: record inserted to 634636 : Itsaraphap : Uab21834db3808efbbe30c30ea954c231 Successfully
 :[PASS]: record inserted to Bug : BIG DIGITAL BUSINESS : U39e29d69ac4f02421ad328e273589875 Successfully
 :[PASS]: record inserted to Big : BIG DIGITAL BUSINESS : U39e29d69ac4f02421ad328e273589875 Successfully
 :[PASS]: record inserted to  ทดสอบ : BIG DIGITAL BUSINESS : U39e29d69ac4f02421ad328e273589875 Successfully
 :[PASS]: record inserted to Big : BIG DIGITAL BUSINESS : U39e29d69ac4f02421ad328e273589875 Successfully
 :[PASS]: record inserted to ทดสอบ : BIG DIGITAL BUSINESS : U39e29d69ac4f02421ad328e273589875 Successfully
 :[PASS]: record inserted to testss : Itsaraphap : Uab21834db3808efbbe30c30ea954c231 Successfully
 :[PASS]: record inserted to test : Itsaraphap : Uab21834db3808efbbe30c30ea954c231 Successfully
 :[PASS]: record inserted to 3435235 : Itsaraphap : Uab21834db3808efbbe30c30ea954c231 Successfully
 :[PASS]: record inserted to ทดสอบ : BIG DIGITAL BUSINESS : U39e29d69ac4f02421ad328e273589875 Successfully
 :[PASS]: record inserted to เม : May 🤍 : U43ad9bbbad27960792f7f4a1f79801ba Successfully
 :[PASS]: record inserted to top : Itsaraphap : Uab21834db3808efbbe30c30ea954c231 Successfully
 :[PASS]: record inserted to Ggghh : Itsaraphap : Uab21834db3808efbbe30c30ea954c231 Successfully
 :[PASS]: record inserted to test : Itsaraphap : Uab21834db3808efbbe30c30ea954c231 Successfully
 :[PASS]: record inserted to aaaa : Itsaraphap : Uab21834db3808efbbe30c30ea954c231 Successfully
 :[PASS]: record inserted to ewqwe : Itsaraphap : Uab21834db3808efbbe30c30ea954c231 Successfully
 :[PASS]: record inserted to sdfsfsdf : Itsaraphap : Uab21834db3808efbbe30c30ea954c231 Successfully
 :[PASS]: record inserted to qqqqq : Itsaraphap : Uab21834db3808efbbe30c30ea954c231 Successfully
 :[PASS]: record inserted to 4234234 : Itsaraphap : Uab21834db3808efbbe30c30ea954c231 Successfully
 :[PASS]: record inserted to 23423423 : Itsaraphap : Uab21834db3808efbbe30c30ea954c231 Successfully
 :[PASS]: record inserted to Top : Itsaraphap : Uab21834db3808efbbe30c30ea954c231 Successfully
 :[PASS]: record inserted to uyiuyi : Itsaraphap : Uab21834db3808efbbe30c30ea954c231 Successfully
 :[PASS]: record inserted to hjkhjkhkjh : Itsaraphap : Uab21834db3808efbbe30c30ea954c231 Successfully
 :[PASS]: record inserted to ljlkjlkjkljlkj : Itsaraphap : Uab21834db3808efbbe30c30ea954c231 Successfully
 :[PASS]: record inserted to ไไไไ :  :  Successfully
 :[PASS]: record inserted to สสสสส : Itsaraphap : Uab21834db3808efbbe30c30ea954c231 Successfully
 :[PASS]: record inserted to 34234324 : Itsaraphap : Uab21834db3808efbbe30c30ea954c231 Successfully
 :[PASS]: record inserted to 34325435 : Itsaraphap : Uab21834db3808efbbe30c30ea954c231 Successfully
 :[PASS]: record inserted to 43534 : Itsaraphap : Uab21834db3808efbbe30c30ea954c231 Successfully
