2023-07-22 11:58:00 :[PASS]: insert appointments to 22222 : Unknow : U516fb04857ee160265efa25ae3055f09 : 2023-07-31 : 15:00 : 15:30 : 2222222222 Successfully
2023-07-22 11:58:00 :[PASS]: send message to 22222 : Unknow : U516fb04857ee160265efa25ae3055f09 : 2023-07-22 11:58:00 : 15:00 - 15:30 : 2222222222 line OA Successfully
2023-07-22 11:58:01 :[PASS]: send message to 22222 : Unknow : Uff4cabbb1001a9c179039898c6895d0f : 2023-07-22 11:58:01 : 15:00 - 15:30 : 2222222222 line OA Successfully
2023-07-22 11:58:01 :[PASS]: send message to 22222 : Unknow : U516fb04857ee160265efa25ae3055f09 : 2023-07-22 11:58:01 : 15:00 - 15:30 : 2222222222 line Notify Successfully
2023-07-22 11:59:58 :[PASS]: insert appointments to sss : Unknow : U516fb04857ee160265efa25ae3055f09 : 2023-07-28 : 11:00 : 11:30 : 3453453453 Successfully
2023-07-22 11:59:59 :[PASS]: send message to sss : Unknow : U516fb04857ee160265efa25ae3055f09 : 2023-07-22 11:59:59 : 11:00 - 11:30 : 3453453453 line OA Successfully
2023-07-22 11:59:59 :[PASS]: send message to sss : Unknow : Uff4cabbb1001a9c179039898c6895d0f : 2023-07-22 11:59:59 : 11:00 - 11:30 : 3453453453 line OA Successfully
2023-07-22 11:59:59 :[PASS]: send message to sss : Unknow : U516fb04857ee160265efa25ae3055f09 : 2023-07-22 11:59:59 : 11:00 - 11:30 : 3453453453 line Notify Successfully
2023-07-22 12:02:22 :[PASS]: insert appointments to dddd : Unknow : U516fb04857ee160265efa25ae3055f09 : 2023-07-28 : 13:00 : 13:30 : 4444444444 Successfully
2023-07-22 12:02:23 :[PASS]: send message to dddd : Unknow : U516fb04857ee160265efa25ae3055f09 : 2023-07-22 12:02:23 : 13:00 - 13:30 : 4444444444 line OA Successfully
2023-07-22 12:02:23 :[PASS]: send message to dddd : Unknow : Uff4cabbb1001a9c179039898c6895d0f : 2023-07-22 12:02:23 : 13:00 - 13:30 : 4444444444 line OA Successfully
2023-07-22 12:02:23 :[PASS]: send message to dddd : Unknow : U516fb04857ee160265efa25ae3055f09 : 2023-07-22 12:02:23 : 13:00 - 13:30 : 4444444444 line Notify Successfully
2023-07-22 12:05:44 :[PASS]: insert appointments to cxcc : Unknow : U516fb04857ee160265efa25ae3055f09 : 2023-07-28 : 15:00 : 15:30 : 3532444523 Successfully
2023-07-22 12:05:45 :[PASS]: send message to cxcc : Unknow : U516fb04857ee160265efa25ae3055f09 : 2023-07-22 12:05:45 : 15:00 - 15:30 : 3532444523 line OA Successfully
2023-07-22 12:05:45 :[PASS]: send message to cxcc : Unknow : Uff4cabbb1001a9c179039898c6895d0f : 2023-07-22 12:05:45 : 15:00 - 15:30 : 3532444523 line OA Successfully
2023-07-22 12:05:45 :[PASS]: send message to cxcc : Unknow : U516fb04857ee160265efa25ae3055f09 : 2023-07-22 12:05:45 : 15:00 - 15:30 : 3532444523 line Notify Successfully
2023-07-22 12:07:58 :[PASS]: insert appointments to แแ : Unknow : U516fb04857ee160265efa25ae3055f09 : 2023-07-29 : 13:00 : 13:30 : 4353455435 Successfully
2023-07-22 12:07:59 :[PASS]: send message to แแ : Unknow : U516fb04857ee160265efa25ae3055f09 : 2023-07-22 12:07:59 : 13:00 - 13:30 : 4353455435 line OA Successfully
2023-07-22 12:07:59 :[PASS]: send message to แแ : Unknow : Uff4cabbb1001a9c179039898c6895d0f : 2023-07-22 12:07:59 : 13:00 - 13:30 : 4353455435 line OA Successfully
2023-07-22 12:07:59 :[PASS]: send message to แแ : Unknow : U516fb04857ee160265efa25ae3055f09 : 2023-07-22 12:07:59 : 13:00 - 13:30 : 4353455435 line Notify Successfully
2023-07-22 12:08:46 :[PASS]: insert appointments to sdfgdfg : Unknow : U516fb04857ee160265efa25ae3055f09 : 2023-07-29 : 11:00 : 11:30 : 4353453453 Successfully
2023-07-22 12:08:47 :[PASS]: send message to sdfgdfg : Unknow : U516fb04857ee160265efa25ae3055f09 : 2023-07-22 12:08:47 : 11:00 - 11:30 : 4353453453 line OA Successfully
2023-07-22 12:08:47 :[PASS]: send message to sdfgdfg : Unknow : Uff4cabbb1001a9c179039898c6895d0f : 2023-07-22 12:08:47 : 11:00 - 11:30 : 4353453453 line OA Successfully
2023-07-22 12:08:47 :[PASS]: send message to sdfgdfg : Unknow : U516fb04857ee160265efa25ae3055f09 : 2023-07-22 12:08:47 : 11:00 - 11:30 : 4353453453 line Notify Successfully
2023-07-22 12:09:52 :[PASS]: insert appointments to dfdf : Unknow : U516fb04857ee160265efa25ae3055f09 : 2023-07-30 : 11:00 : 11:30 : 3423423423 Successfully
2023-07-22 12:09:53 :[PASS]: send message to dfdf : Unknow : U516fb04857ee160265efa25ae3055f09 : 2023-07-22 12:09:53 : 11:00 - 11:30 : 3423423423 line OA Successfully
2023-07-22 12:09:53 :[PASS]: send message to dfdf : Unknow : Uff4cabbb1001a9c179039898c6895d0f : 2023-07-22 12:09:53 : 11:00 - 11:30 : 3423423423 line OA Successfully
2023-07-22 12:09:53 :[PASS]: send message to dfdf : Unknow : U516fb04857ee160265efa25ae3055f09 : 2023-07-22 12:09:53 : 11:00 - 11:30 : 3423423423 line Notify Successfully
2023-07-22 12:11:18 :[PASS]: insert appointments to eeee : Unknow : U516fb04857ee160265efa25ae3055f09 : 2023-07-30 : 13:00 : 13:30 : 3423423423 Successfully
2023-07-22 12:11:19 :[PASS]: send message to eeee : Unknow : U516fb04857ee160265efa25ae3055f09 : 2023-07-22 12:11:19 : 13:00 - 13:30 : 3423423423 line OA Successfully
2023-07-22 12:11:20 :[PASS]: send message to eeee : Unknow : Uff4cabbb1001a9c179039898c6895d0f : 2023-07-22 12:11:20 : 13:00 - 13:30 : 3423423423 line OA Successfully
2023-07-22 12:11:20 :[PASS]: send message to eeee : Unknow : U516fb04857ee160265efa25ae3055f09 : 2023-07-22 12:11:20 : 13:00 - 13:30 : 3423423423 line Notify Successfully
2023-07-22 12:12:39 :[PASS]: insert appointments to dfgdfg : Unknow : U516fb04857ee160265efa25ae3055f09 : 2023-07-30 : 14:00 : 14:30 : 4353453434 Successfully
2023-07-22 12:12:40 :[PASS]: send message to dfgdfg : Unknow : U516fb04857ee160265efa25ae3055f09 : 2023-07-22 12:12:40 : 14:00 - 14:30 : 4353453434 line OA Successfully
2023-07-22 12:12:40 :[PASS]: send message to dfgdfg : Unknow : Uff4cabbb1001a9c179039898c6895d0f : 2023-07-22 12:12:40 : 14:00 - 14:30 : 4353453434 line OA Successfully
2023-07-22 12:12:40 :[PASS]: send message to dfgdfg : Unknow : U516fb04857ee160265efa25ae3055f09 : 2023-07-22 12:12:40 : 14:00 - 14:30 : 4353453434 line Notify Successfully
2023-07-22 12:22:04 :[PASS]: insert appointments to Test : BIG DIGITAL BUSINESS : U3a2861ca14f38e266a0cd4d21d611f05 : 2023-07-22 : 15:00 : 15:30 : 0951620554 Successfully
2023-07-22 12:22:05 :[PASS]: send message to Test : BIG DIGITAL BUSINESS : U3a2861ca14f38e266a0cd4d21d611f05 : 2023-07-22 12:22:05 : 15:00 - 15:30 : 0951620554 line OA Successfully
2023-07-22 12:22:06 :[PASS]: send message to Test : BIG DIGITAL BUSINESS : Uff4cabbb1001a9c179039898c6895d0f : 2023-07-22 12:22:06 : 15:00 - 15:30 : 0951620554 line OA Successfully
2023-07-22 12:22:06 :[PASS]: send message to Test : BIG DIGITAL BUSINESS : U3a2861ca14f38e266a0cd4d21d611f05 : 2023-07-22 12:22:06 : 15:00 - 15:30 : 0951620554 line Notify Successfully
2023-08-21 03:58:50 :[Login]: Line Login to BIG DIGITAL BUSINESS UserID: U3a2861ca14f38e266a0cd4d21d611f05 Email:  Picture: https://profile.line-scdn.net/0hXJqP4gi8B2VMKS7C_Yx4MnBsCQg7BwEtNBxKAz4uDQBoHxVndkgcBm1-XVZiHUVjI0xMAmkrCQdm
2023-08-21 03:59:33 :[PASS]: insert appointments to ทดสอบ : BIG DIGITAL BUSINESS : U3a2861ca14f38e266a0cd4d21d611f05 : 2023-08-21 : 10:00 : 11:00 : 0951620554 Successfully
2023-08-21 03:59:35 :[PASS]: send message to ทดสอบ : BIG DIGITAL BUSINESS : U3a2861ca14f38e266a0cd4d21d611f05 : 2023-08-21 03:59:35 : 10:00 - 11:00 : 0951620554 line OA Successfully
2023-08-21 03:59:36 :[PASS]: send message to ทดสอบ : BIG DIGITAL BUSINESS : Uff4cabbb1001a9c179039898c6895d0f : 2023-08-21 03:59:36 : 10:00 - 11:00 : 0951620554 line OA Successfully
2023-08-21 03:59:36 :[PASS]: send message to ทดสอบ : BIG DIGITAL BUSINESS : U3a2861ca14f38e266a0cd4d21d611f05 : 2023-08-21 03:59:36 : 10:00 - 11:00 : 0951620554 line Notify Successfully
2023-08-21 06:12:10 :[Login]: Line Login to BIG DIGITAL BUSINESS UserID: U3a2861ca14f38e266a0cd4d21d611f05 Email:  Picture: https://profile.line-scdn.net/0hXJqP4gi8B2VMKS7C_Yx4MnBsCQg7BwEtNBxKAz4uDQBoHxVndkgcBm1-XVZiHUVjI0xMAmkrCQdm
2023-09-22 02:54:04 :[Login]: Line Login to BIG DIGITAL BUSINESS UserID: U3a2861ca14f38e266a0cd4d21d611f05 Email:  Picture: https://profile.line-scdn.net/0hXJqP4gi8B2VMKS7C_Yx4MnBsCQg7BwEtNBxKAz4uDQBoHxVndkgcBm1-XVZiHUVjI0xMAmkrCQdm
2023-09-22 03:07:02 :[Login]: Line Login to Punch UserID: U09812c5820a44eb4d69e4a0b2de0d4ec Email:  Picture: https://profile.line-scdn.net/0hXPpZ1PILB39NIxUMODJ4KHFmCRI6DQE3NUYcSm9xXkg1FEV-JEFOTGgrW09lE0R-dxZAHWgqDRtg
2023-09-22 08:31:41 :[Login]: Line Login to Punch UserID: U09812c5820a44eb4d69e4a0b2de0d4ec Email:  Picture: https://profile.line-scdn.net/0hXPpZ1PILB39NIxUMODJ4KHFmCRI6DQE3NUYcSm9xXkg1FEV-JEFOTGgrW09lE0R-dxZAHWgqDRtg
2023-09-28 12:57:44 :[Login]: Line Login to BANKK® UserID: Ua7a8d71a4182b70263430a9bb696c42e Email:  Picture: https://profile.line-scdn.net/0hrDnpM-iOLWtTCTjAtkxSPG9MIwYkJysjK2pqXiYNcgh_MGM-OmZgDiUNcwt4MW9va2hqCH5edAh9
2023-09-28 12:58:58 :[PASS]: insert appointments to Bank : BANKK® : Ua7a8d71a4182b70263430a9bb696c42e : 2023-09-30 : 13:00 : 15:00 : 0893999979 Successfully
2023-09-28 12:58:59 :[PASS]: send message to Bank : BANKK® : Ua7a8d71a4182b70263430a9bb696c42e : 2023-09-28 12:58:59 : 13:00 - 15:00 : 0893999979 line OA Successfully
2023-09-28 12:59:00 :[PASS]: send message to Bank : BANKK® : Uff4cabbb1001a9c179039898c6895d0f : 2023-09-28 12:59:00 : 13:00 - 15:00 : 0893999979 line OA Successfully
2023-09-28 12:59:00 :[PASS]: send message to Bank : BANKK® : Ua7a8d71a4182b70263430a9bb696c42e : 2023-09-28 12:59:00 : 13:00 - 15:00 : 0893999979 line Notify Successfully
2023-09-28 13:45:59 :[Login]: Line Login to BANKK® UserID: Ua7a8d71a4182b70263430a9bb696c42e Email:  Picture: https://profile.line-scdn.net/0hrDnpM-iOLWtTCTjAtkxSPG9MIwYkJysjK2pqXiYNcgh_MGM-OmZgDiUNcwt4MW9va2hqCH5edAh9
2023-10-02 03:18:07 :[Login]: Line Login to BANKK® UserID: Ua7a8d71a4182b70263430a9bb696c42e Email:  Picture: https://profile.line-scdn.net/0hrDnpM-iOLWtTCTjAtkxSPG9MIwYkJysjK2pqXiYNcgh_MGM-OmZgDiUNcwt4MW9va2hqCH5edAh9
2023-11-25 18:59:08 :[Login]: Line Login to Unknow UserID: U516fb04857ee160265efa25ae3055f09 Email:  Picture: https://profile.line-scdn.net/0hQebNRzSVDkpfNxuQc6hxHWNyACcoGQgCJ1USKHgyUX9yARodNFITKSkwB397V08UYAESe3xgBH1y
2023-11-26 07:21:32 :[Login]: Line Login to Unknow UserID: U516fb04857ee160265efa25ae3055f09 Email:  Picture: https://profile.line-scdn.net/0hQebNRzSVDkpfNxuQc6hxHWNyACcoGQgCJ1USKHgyUX9yARodNFITKSkwB397V08UYAESe3xgBH1y
2023-11-26 07:29:52 :[Login]: Line Login to Unknow UserID: U516fb04857ee160265efa25ae3055f09 Email:  Picture: https://profile.line-scdn.net/0hQebNRzSVDkpfNxuQc6hxHWNyACcoGQgCJ1USKHgyUX9yARodNFITKSkwB397V08UYAESe3xgBH1y
2023-11-26 07:35:24 :[Login]: Line Login to Unknow UserID: U516fb04857ee160265efa25ae3055f09 Email:  Picture: https://profile.line-scdn.net/0hQebNRzSVDkpfNxuQc6hxHWNyACcoGQgCJ1USKHgyUX9yARodNFITKSkwB397V08UYAESe3xgBH1y
2023-11-26 07:37:14 :[Login]: Line Login to Unknow UserID: U516fb04857ee160265efa25ae3055f09 Email:  Picture: https://profile.line-scdn.net/0hQebNRzSVDkpfNxuQc6hxHWNyACcoGQgCJ1USKHgyUX9yARodNFITKSkwB397V08UYAESe3xgBH1y
2023-11-26 07:52:25 :[Login]: Line Login to Unknow UserID: U516fb04857ee160265efa25ae3055f09 Email:  Picture: https://profile.line-scdn.net/0hQebNRzSVDkpfNxuQc6hxHWNyACcoGQgCJ1USKHgyUX9yARodNFITKSkwB397V08UYAESe3xgBH1y
2024-05-25 03:44:50 :[PASS]: insert appointments to sdfg : Itsaraphap : Uab21834db3808efbbe30c30ea954c231 : 2024-05-25 : 10:00 : 11:00 : 45435345 Successfully
2024-05-25 03:50:23 :[PASS]: insert appointments to dfsdfsdf : Itsaraphap : Uab21834db3808efbbe30c30ea954c231 : 2024-05-25 : 10:00 : 11:00 : 45435 Successfully
2024-05-25 03:53:52 :[PASS]: insert appointments to asfa : Itsaraphap : Uab21834db3808efbbe30c30ea954c231 : 2024-05-25 : 11:01 : 12:00 : 4354352345 Successfully
2024-05-25 03:55:09 :[PASS]: insert appointments to asdf : Itsaraphap : Uab21834db3808efbbe30c30ea954c231 : 2024-05-25 : 11:01 : 12:00 : 45234545 Successfully
2024-05-25 03:57:03 :[PASS]: insert appointments to  :  :  :  :  :  :  Successfully
2024-05-25 03:59:00 :[PASS]: insert appointments to  :  :  :  :  :  :  Successfully
2024-05-25 03:59:15 :[PASS]: insert appointments to  :  :  :  :  :  :  Successfully
2024-05-25 04:00:11 :[PASS]: insert appointments to  :  :  :  :  :  :  Successfully
2024-05-25 04:01:12 :[PASS]: insert appointments to  :  :  :  :  :  :  Successfully
2024-05-25 04:01:13 :[ERROR]: send message to  :  :  : 2024-05-25 04:01:13 :  :  line OA Unsuccessfully
2024-05-25 04:01:13 :[PASS]: send message to  :  :  : 2024-05-25 04:01:13 :  :  line Notify Successfully
2024-05-25 04:01:14 :[PASS]: send message to  :  :  : 2024-05-25 04:01:14 :  :  line Notify Successfully
2024-05-25 04:01:53 :[PASS]: insert appointments to  :  :  :  :  :  :  Successfully
2024-05-25 04:01:55 :[ERROR]: send message to  :  :  : 2024-05-25 04:01:55 :  :  line OA Unsuccessfully
2024-05-25 04:01:55 :[PASS]: send message to  :  :  : 2024-05-25 04:01:55 :  :  line Notify Successfully
2024-05-25 04:01:55 :[PASS]: send message to  :  :  : 2024-05-25 04:01:55 :  :  line Notify Successfully
2024-05-25 04:03:26 :[PASS]: insert appointments to  :  :  :  :  :  :  Successfully
2024-05-25 04:03:27 :[ERROR]: send message to  :  :  : 2024-05-25 04:03:27 :  :  line OA Unsuccessfully
2024-05-25 04:03:27 :[PASS]: send message to  :  :  : 2024-05-25 04:03:27 :  :  line Notify Successfully
2024-05-25 04:03:28 :[PASS]: send message to  :  :  : 2024-05-25 04:03:28 :  :  line Notify Successfully
2024-05-25 04:04:37 :[Login]: Line Login to Itsaraphap UserID: Uab21834db3808efbbe30c30ea954c231 Email: itsaraphap.top@gmail.com Picture: https://profile.line-scdn.net/0hQebNoUM-DkpfNx5tDyFxHWNyACcoGQgCJ1USKHgyUX9yARodNFITKSkwB397V08UYAESe3xgBH1y
2024-05-25 04:04:49 :[PASS]: insert appointments to  :  :  :  :  :  :  Successfully
2024-05-25 04:04:50 :[ERROR]: send message to  :  :  : 2024-05-25 04:04:50 :  :  line OA Unsuccessfully
2024-05-25 04:04:50 :[PASS]: send message to  :  :  : 2024-05-25 04:04:50 :  :  line Notify Successfully
2024-05-25 04:04:51 :[PASS]: send message to  :  :  : 2024-05-25 04:04:51 :  :  line Notify Successfully
2024-05-25 04:07:13 :[PASS]: insert appointments to 634636 : Itsaraphap : Uab21834db3808efbbe30c30ea954c231 : 2024-05-25 : 10:00 : 11:00 : 34563456 Successfully
2024-05-25 04:07:15 :[PASS]: send message to 634636 : Itsaraphap : Uab21834db3808efbbe30c30ea954c231 : 2024-05-25 04:07:15 : 10:00 - 11:00 : 34563456 line OA Successfully
2024-05-25 04:07:15 :[PASS]: send message to 634636 : Itsaraphap : Uab21834db3808efbbe30c30ea954c231 : 2024-05-25 04:07:15 : 10:00 - 11:00 : 34563456 line OA Successfully
2024-05-25 04:07:15 :[PASS]: send message to 634636 : Itsaraphap : Uab21834db3808efbbe30c30ea954c231 : 2024-05-25 04:07:15 : 10:00 - 11:00 : 34563456 line Notify Successfully
2024-05-25 04:24:57 :[Login]: Line Login to Itsaraphap UserID: Uab21834db3808efbbe30c30ea954c231 Email: itsaraphap.top@gmail.com Picture: https://profile.line-scdn.net/0hQebNoUM-DkpfNx5tDyFxHWNyACcoGQgCJ1USKHgyUX9yARodNFITKSkwB397V08UYAESe3xgBH1y
2024-05-25 04:37:07 :[Login]: Line Login to BIG DIGITAL BUSINESS UserID: U39e29d69ac4f02421ad328e273589875 Email: thanasitwebeyoung@gmail.com Picture: https://profile.line-scdn.net/0hXJqPZtPMB2VMKRdTH3J4MnBsCQg7BwEtNBxKAz4uDQBoHxVndkgcBm1-XVZiHUVjI0xMAmkrCQdm
2024-05-25 04:51:41 :[PASS]: insert appointments to Bug : BIG DIGITAL BUSINESS : U39e29d69ac4f02421ad328e273589875 : 2024-05-25 : 10:00 : 11:00 : 0952222222 Successfully
2024-05-25 04:51:43 :[PASS]: send message to Bug : BIG DIGITAL BUSINESS : U39e29d69ac4f02421ad328e273589875 : 2024-05-25 04:51:43 : 10:00 - 11:00 : 0952222222 line OA Successfully
2024-05-25 04:51:43 :[PASS]: send message to Bug : BIG DIGITAL BUSINESS : Uab21834db3808efbbe30c30ea954c231 : 2024-05-25 04:51:43 : 10:00 - 11:00 : 0952222222 line OA Successfully
2024-05-25 04:51:43 :[PASS]: send message to Bug : BIG DIGITAL BUSINESS : U39e29d69ac4f02421ad328e273589875 : 2024-05-25 04:51:43 : 10:00 - 11:00 : 0952222222 line Notify Successfully
2024-05-25 04:53:14 :[PASS]: insert appointments to Big : BIG DIGITAL BUSINESS : U39e29d69ac4f02421ad328e273589875 : 2024-05-26 : 21:00 : 21:15 : 0951620554 Successfully
2024-05-25 04:53:15 :[PASS]: send message to Big : BIG DIGITAL BUSINESS : U39e29d69ac4f02421ad328e273589875 : 2024-05-25 04:53:15 : 21:00 - 21:15 : 0951620554 line OA Successfully
2024-05-25 04:53:16 :[PASS]: send message to Big : BIG DIGITAL BUSINESS : Uab21834db3808efbbe30c30ea954c231 : 2024-05-25 04:53:16 : 21:00 - 21:15 : 0951620554 line OA Successfully
2024-05-25 04:53:16 :[PASS]: send message to Big : BIG DIGITAL BUSINESS : U39e29d69ac4f02421ad328e273589875 : 2024-05-25 04:53:16 : 21:00 - 21:15 : 0951620554 line Notify Successfully
2024-05-25 06:11:26 :[Login]: Line Login to Itsaraphap UserID: Uab21834db3808efbbe30c30ea954c231 Email: itsaraphap.top@gmail.com Picture: https://profile.line-scdn.net/0hQebNoUM-DkpfNx5tDyFxHWNyACcoGQgCJ1USKHgyUX9yARodNFITKSkwB397V08UYAESe3xgBH1y
2024-05-25 06:12:42 :[Login]: Line Login to Itsaraphap UserID: Uab21834db3808efbbe30c30ea954c231 Email: itsaraphap.top@gmail.com Picture: https://profile.line-scdn.net/0hQebNoUM-DkpfNx5tDyFxHWNyACcoGQgCJ1USKHgyUX9yARodNFITKSkwB397V08UYAESe3xgBH1y
2024-05-25 06:29:24 :[Login]: Line Login to BIG DIGITAL BUSINESS UserID: U39e29d69ac4f02421ad328e273589875 Email: thanasitwebeyoung@gmail.com Picture: https://profile.line-scdn.net/0hXJqPZtPMB2VMKRdTH3J4MnBsCQg7BwEtNBxKAz4uDQBoHxVndkgcBm1-XVZiHUVjI0xMAmkrCQdm
2024-05-25 06:30:01 :[PASS]: insert appointments to  ทดสอบ : BIG DIGITAL BUSINESS : U39e29d69ac4f02421ad328e273589875 : 2024-05-26 : 21:15 : 21:30 : 0951620554 Successfully
2024-05-25 06:30:03 :[PASS]: send message to  ทดสอบ : BIG DIGITAL BUSINESS : U39e29d69ac4f02421ad328e273589875 : 2024-05-25 06:30:03 : 21:15 - 21:30 : 0951620554 line OA Successfully
2024-05-25 06:30:03 :[PASS]: send message to  ทดสอบ : BIG DIGITAL BUSINESS : Uab21834db3808efbbe30c30ea954c231 : 2024-05-25 06:30:03 : 21:15 - 21:30 : 0951620554 line OA Successfully
2024-05-25 06:30:03 :[PASS]: send message to  ทดสอบ : BIG DIGITAL BUSINESS : U39e29d69ac4f02421ad328e273589875 : 2024-05-25 06:30:03 : 21:15 - 21:30 : 0951620554 line Notify Successfully
2024-05-25 07:20:59 :[Login]: Line Login to BIG DIGITAL BUSINESS UserID: U39e29d69ac4f02421ad328e273589875 Email: thanasitwebeyoung@gmail.com Picture: https://profile.line-scdn.net/0hXJqPZtPMB2VMKRdTH3J4MnBsCQg7BwEtNBxKAz4uDQBoHxVndkgcBm1-XVZiHUVjI0xMAmkrCQdm
2024-05-25 07:21:51 :[PASS]: insert appointments to Big : BIG DIGITAL BUSINESS : U39e29d69ac4f02421ad328e273589875 : 2024-05-26 : 21:00 : 21:15 : 0951938458 Successfully
2024-05-25 07:21:52 :[PASS]: send message to Big : BIG DIGITAL BUSINESS : U39e29d69ac4f02421ad328e273589875 : 2024-05-25 07:21:52 : 21:00 - 21:15 : 0951938458 line OA Successfully
2024-05-25 07:21:52 :[PASS]: send message to Big : BIG DIGITAL BUSINESS : Uab21834db3808efbbe30c30ea954c231 : 2024-05-25 07:21:52 : 21:00 - 21:15 : 0951938458 line OA Successfully
2024-05-25 07:21:52 :[PASS]: send message to Big : BIG DIGITAL BUSINESS : U39e29d69ac4f02421ad328e273589875 : 2024-05-25 07:21:52 : 21:00 - 21:15 : 0951938458 line Notify Successfully
2024-05-25 07:32:19 :[PASS]: insert appointments to ทดสอบ : BIG DIGITAL BUSINESS : U39e29d69ac4f02421ad328e273589875 : 2024-05-27 : 21:00 : 21:15 : 0951620554 Successfully
2024-05-25 07:32:21 :[PASS]: send message to ทดสอบ : BIG DIGITAL BUSINESS : U39e29d69ac4f02421ad328e273589875 : 2024-05-25 07:32:21 : 21:00 - 21:15 : 0951620554 line OA Successfully
2024-05-25 07:32:21 :[PASS]: send message to ทดสอบ : BIG DIGITAL BUSINESS : Uab21834db3808efbbe30c30ea954c231 : 2024-05-25 07:32:21 : 21:00 - 21:15 : 0951620554 line OA Successfully
2024-05-25 07:32:21 :[PASS]: send message to ทดสอบ : BIG DIGITAL BUSINESS : U39e29d69ac4f02421ad328e273589875 : 2024-05-25 07:32:21 : 21:00 - 21:15 : 0951620554 line Notify Successfully
2024-05-25 08:00:01 :[PASS]: insert appointments to testss : Itsaraphap : Uab21834db3808efbbe30c30ea954c231 : 2024-05-25 : 21:30 : 21:45 : 2342342342 Successfully
2024-05-25 08:00:03 :[PASS]: send message to testss : Itsaraphap : Uab21834db3808efbbe30c30ea954c231 : 2024-05-25 08:00:03 : 21:30 - 21:45 : 2342342342 line OA Successfully
2024-05-25 08:00:04 :[PASS]: send message to testss : Itsaraphap : Uab21834db3808efbbe30c30ea954c231 : 2024-05-25 08:00:04 : 21:30 - 21:45 : 2342342342 line OA Successfully
2024-05-25 08:00:04 :[PASS]: send message to testss : Itsaraphap : Uab21834db3808efbbe30c30ea954c231 : 2024-05-25 08:00:04 : 21:30 - 21:45 : 2342342342 line Notify Successfully
2024-05-25 08:02:02 :[PASS]: insert appointments to test : Itsaraphap : Uab21834db3808efbbe30c30ea954c231 : 2024-05-28 : 21:45 : 22:00 : 2345352 Successfully
2024-05-25 08:02:06 :[PASS]: send message to test : Itsaraphap : Uab21834db3808efbbe30c30ea954c231 : 2024-05-25 08:02:06 : 21:45 - 22:00 : 2345352 line OA Successfully
2024-05-25 08:02:09 :[PASS]: send message to test : Itsaraphap : Uab21834db3808efbbe30c30ea954c231 : 2024-05-25 08:02:09 : 21:45 - 22:00 : 2345352 line OA Successfully
2024-05-25 08:02:09 :[PASS]: send message to test : Itsaraphap : Uab21834db3808efbbe30c30ea954c231 : 2024-05-25 08:02:09 : 21:45 - 22:00 : 2345352 line Notify Successfully
2024-05-25 08:03:56 :[PASS]: insert appointments to 3435235 : Itsaraphap : Uab21834db3808efbbe30c30ea954c231 : 2024-05-30 : 21:00 : 21:15 : 2345234523 Successfully
2024-05-25 08:03:58 :[PASS]: send message to 3435235 : Itsaraphap : Uab21834db3808efbbe30c30ea954c231 : 2024-05-25 08:03:58 : 21:00 - 21:15 : 2345234523 line OA Successfully
2024-05-25 08:03:58 :[PASS]: send message to 3435235 : Itsaraphap : Uab21834db3808efbbe30c30ea954c231 : 2024-05-25 08:03:58 : 21:00 - 21:15 : 2345234523 line OA Successfully
2024-05-25 08:03:58 :[PASS]: send message to 3435235 : Itsaraphap : Uab21834db3808efbbe30c30ea954c231 : 2024-05-25 08:03:58 : 21:00 - 21:15 : 2345234523 line Notify Successfully
2024-05-25 08:06:17 :[PASS]: insert appointments to ทดสอบ : BIG DIGITAL BUSINESS : U39e29d69ac4f02421ad328e273589875 : 2024-05-25 : 11:01 : 12:00 : 0953333333 Successfully
2024-05-25 08:06:19 :[PASS]: send message to ทดสอบ : BIG DIGITAL BUSINESS : U39e29d69ac4f02421ad328e273589875 : 2024-05-25 08:06:19 : 11:01 - 12:00 : 0953333333 line OA Successfully
2024-05-25 08:06:19 :[PASS]: send message to ทดสอบ : BIG DIGITAL BUSINESS : Uab21834db3808efbbe30c30ea954c231 : 2024-05-25 08:06:19 : 11:01 - 12:00 : 0953333333 line OA Successfully
2024-05-25 08:06:19 :[PASS]: send message to ทดสอบ : BIG DIGITAL BUSINESS : U39e29d69ac4f02421ad328e273589875 : 2024-05-25 08:06:19 : 11:01 - 12:00 : 0953333333 line Notify Successfully
2024-05-25 08:22:44 :[Login]: Line Login to May 🤍 UserID: U43ad9bbbad27960792f7f4a1f79801ba Email: natcha-may@hotmail.com Picture: https://profile.line-scdn.net/0hQcumXNzfDkxIFB4X5JlxG3RRACE_OggEMHtII2gVV3RgLBodcnIWLTlDBCtmLRscc3pFfWgXAi5h
2024-05-25 08:23:40 :[PASS]: insert appointments to เม : May 🤍 : U43ad9bbbad27960792f7f4a1f79801ba : 2024-05-27 : 21:15 : 21:30 : 0950511112 Successfully
2024-05-25 08:23:42 :[PASS]: send message to เม : May 🤍 : U43ad9bbbad27960792f7f4a1f79801ba : 2024-05-25 08:23:42 : 21:15 - 21:30 : 0950511112 line OA Successfully
2024-05-25 08:23:42 :[PASS]: send message to เม : May 🤍 : Uab21834db3808efbbe30c30ea954c231 : 2024-05-25 08:23:42 : 21:15 - 21:30 : 0950511112 line OA Successfully
2024-05-25 08:23:42 :[PASS]: send message to เม : May 🤍 : U43ad9bbbad27960792f7f4a1f79801ba : 2024-05-25 08:23:42 : 21:15 - 21:30 : 0950511112 line Notify Successfully
2024-05-25 08:55:19 :[Login]: Line Login to Itsaraphap UserID: Uab21834db3808efbbe30c30ea954c231 Email: itsaraphap.top@gmail.com Picture: https://profile.line-scdn.net/0hQebNoUM-DkpfNx5tDyFxHWNyACcoGQgCJ1USKHgyUX9yARodNFITKSkwB397V08UYAESe3xgBH1y
2024-05-25 09:00:58 :[PASS]: insert appointments to top : Itsaraphap : Uab21834db3808efbbe30c30ea954c231 : 2024-05-29 : 21:00 : 21:15 : 45345345 Successfully
2024-05-25 09:01:01 :[PASS]: send message to top : Itsaraphap : Uab21834db3808efbbe30c30ea954c231 : 2024-05-25 09:01:01 : 21:00 - 21:15 : 45345345 line OA Successfully
2024-05-25 09:01:01 :[PASS]: send message to top : Itsaraphap : Uab21834db3808efbbe30c30ea954c231 : 2024-05-25 09:01:01 : 21:00 - 21:15 : 45345345 line OA Successfully
2024-05-25 09:01:01 :[PASS]: send message to top : Itsaraphap : Uab21834db3808efbbe30c30ea954c231 : 2024-05-25 09:01:01 : 21:00 - 21:15 : 45345345 line Notify Successfully
2024-05-25 10:16:32 :[Login]: Line Login to BIG DIGITAL BUSINESS UserID: U39e29d69ac4f02421ad328e273589875 Email: thanasitwebeyoung@gmail.com Picture: https://profile.line-scdn.net/0hXJqPZtPMB2VMKRdTH3J4MnBsCQg7BwEtNBxKAz4uDQBoHxVndkgcBm1-XVZiHUVjI0xMAmkrCQdm
2024-05-25 12:18:32 :[Login]: Line Login to Itsaraphap UserID: Uab21834db3808efbbe30c30ea954c231 Email: itsaraphap.top@gmail.com Picture: https://profile.line-scdn.net/0hQebNoUM-DkpfNx5tDyFxHWNyACcoGQgCJ1USKHgyUX9yARodNFITKSkwB397V08UYAESe3xgBH1y
2024-05-26 07:19:14 :[Login]: Line Login to Itsaraphap UserID: Uab21834db3808efbbe30c30ea954c231 Email: itsaraphap.top@gmail.com Picture: https://profile.line-scdn.net/0hQebNoUM-DkpfNx5tDyFxHWNyACcoGQgCJ1USKHgyUX9yARodNFITKSkwB397V08UYAESe3xgBH1y
2024-05-26 07:19:48 :[PASS]: insert appointments to Ggghh : Itsaraphap : Uab21834db3808efbbe30c30ea954c231 : 2024-05-29 : 21:30 : 21:45 : 0999999999 Successfully
2024-05-26 07:19:50 :[PASS]: send message to Ggghh : Itsaraphap : Uab21834db3808efbbe30c30ea954c231 : 2024-05-26 07:19:50 : 21:30 - 21:45 : 0999999999 line OA Successfully
2024-05-26 07:19:50 :[PASS]: send message to Ggghh : Itsaraphap : Uab21834db3808efbbe30c30ea954c231 : 2024-05-26 07:19:50 : 21:30 - 21:45 : 0999999999 line OA Successfully
2024-05-26 07:19:50 :[PASS]: send message to Ggghh : Itsaraphap : Uab21834db3808efbbe30c30ea954c231 : 2024-05-26 07:19:50 : 21:30 - 21:45 : 0999999999 line Notify Successfully
2024-05-28 03:21:28 :[Login]: Line Login to Itsaraphap UserID: Uab21834db3808efbbe30c30ea954c231 Email: itsaraphap.top@gmail.com Picture: https://profile.line-scdn.net/0hQebNoUM-DkpfNx5tDyFxHWNyACcoGQgCJ1USKHgyUX9yARodNFITKSkwB397V08UYAESe3xgBH1y
2024-05-28 04:27:29 :[Login]: Line Login to Itsaraphap UserID: Uab21834db3808efbbe30c30ea954c231 Email: itsaraphap.top@gmail.com Picture: https://profile.line-scdn.net/0hQebNoUM-DkpfNx5tDyFxHWNyACcoGQgCJ1USKHgyUX9yARodNFITKSkwB397V08UYAESe3xgBH1y
2024-05-28 05:15:03 :[Login]: Line Login to BIG DIGITAL BUSINESS UserID: U39e29d69ac4f02421ad328e273589875 Email: thanasitwebeyoung@gmail.com Picture: https://profile.line-scdn.net/0hXJqPZtPMB2VMKRdTH3J4MnBsCQg7BwEtNBxKAz4uDQBoHxVndkgcBm1-XVZiHUVjI0xMAmkrCQdm
2024-05-28 06:08:39 :[Login]: Line Login to Itsaraphap UserID: Uab21834db3808efbbe30c30ea954c231 Email: itsaraphap.top@gmail.com Picture: https://profile.line-scdn.net/0hQebNoUM-DkpfNx5tDyFxHWNyACcoGQgCJ1USKHgyUX9yARodNFITKSkwB397V08UYAESe3xgBH1y
2024-05-28 07:41:45 :[Login]: Line Login to Itsaraphap UserID: Uab21834db3808efbbe30c30ea954c231 Email: itsaraphap.top@gmail.com Picture: https://profile.line-scdn.net/0hQebNoUM-DkpfNx5tDyFxHWNyACcoGQgCJ1USKHgyUX9yARodNFITKSkwB397V08UYAESe3xgBH1y
2024-05-28 08:55:15 :[Login]: Line Login to Itsaraphap UserID: Uab21834db3808efbbe30c30ea954c231 Email: itsaraphap.top@gmail.com Picture: https://profile.line-scdn.net/0hQebNoUM-DkpfNx5tDyFxHWNyACcoGQgCJ1USKHgyUX9yARodNFITKSkwB397V08UYAESe3xgBH1y
2024-05-29 02:38:31 :[Login]: Line Login to May 🤍 UserID: U43ad9bbbad27960792f7f4a1f79801ba Email: natcha-may@hotmail.com Picture: https://profile.line-scdn.net/0hQcumXNzfDkxIFB4X5JlxG3RRACE_OggEMHtII2gVV3RgLBodcnIWLTlDBCtmLRscc3pFfWgXAi5h
2024-05-29 07:27:01 :[Login]: Line Login to Itsaraphap UserID: Uab21834db3808efbbe30c30ea954c231 Email: itsaraphap.top@gmail.com Picture: https://profile.line-scdn.net/0hQebNoUM-DkpfNx5tDyFxHWNyACcoGQgCJ1USKHgyUX9yARodNFITKSkwB397V08UYAESe3xgBH1y
2024-05-29 08:03:07 :[Login]: Line Login to Itsaraphap UserID: Uab21834db3808efbbe30c30ea954c231 Email: itsaraphap.top@gmail.com Picture: https://profile.line-scdn.net/0hQebNoUM-DkpfNx5tDyFxHWNyACcoGQgCJ1USKHgyUX9yARodNFITKSkwB397V08UYAESe3xgBH1y
2024-05-29 10:32:47 :[Login]: Line Login to Itsaraphap UserID: Uab21834db3808efbbe30c30ea954c231 Email: itsaraphap.top@gmail.com Picture: https://profile.line-scdn.net/0hQebNoUM-DkpfNx5tDyFxHWNyACcoGQgCJ1USKHgyUX9yARodNFITKSkwB397V08UYAESe3xgBH1y
2024-05-29 13:52:07 :[Login]: Line Login to Itsaraphap UserID: Uab21834db3808efbbe30c30ea954c231 Email: itsaraphap.top@gmail.com Picture: https://profile.line-scdn.net/0hQebNoUM-DkpfNx5tDyFxHWNyACcoGQgCJ1USKHgyUX9yARodNFITKSkwB397V08UYAESe3xgBH1y
2024-05-29 20:33:12 :[Login]: Line Login to Itsaraphap UserID: Uab21834db3808efbbe30c30ea954c231 Email: itsaraphap.top@gmail.com Picture: https://profile.line-scdn.net/0hQebNoUM-DkpfNx5tDyFxHWNyACcoGQgCJ1USKHgyUX9yARodNFITKSkwB397V08UYAESe3xgBH1y
2024-05-29 21:17:35 :[PASS]: insert appointments to test : Itsaraphap : Uab21834db3808efbbe30c30ea954c231 : 2024-05-30 : 21:30 : 21:45 : 4522345243 Successfully
2024-05-29 21:17:36 :[PASS]: send message to test : Itsaraphap : Uab21834db3808efbbe30c30ea954c231 : 2024-05-29 21:17:36 : 21:30 - 21:45 : 4522345243 line OA Successfully
2024-05-29 21:17:36 :[PASS]: send message to test : Itsaraphap : Uab21834db3808efbbe30c30ea954c231 : 2024-05-29 21:17:36 : 21:30 - 21:45 : 4522345243 line OA Successfully
2024-05-29 21:17:36 :[PASS]: send message to test : Itsaraphap : Uab21834db3808efbbe30c30ea954c231 : 2024-05-29 21:17:36 : 21:30 - 21:45 : 4522345243 line Notify Successfully
2024-05-29 21:20:25 :[PASS]: insert appointments to aaaa : Itsaraphap : Uab21834db3808efbbe30c30ea954c231 : 2024-05-30 : 21:30 : 21:45 : 1111111111 Successfully
2024-05-29 21:20:26 :[PASS]: send message to aaaa : Itsaraphap : Uab21834db3808efbbe30c30ea954c231 : 2024-05-29 21:20:26 : 21:30 - 21:45 : 1111111111 line OA Successfully
2024-05-29 21:20:26 :[PASS]: send message to aaaa : Itsaraphap : Uab21834db3808efbbe30c30ea954c231 : 2024-05-29 21:20:26 : 21:30 - 21:45 : 1111111111 line OA Successfully
2024-05-29 21:20:26 :[PASS]: send message to aaaa : Itsaraphap : Uab21834db3808efbbe30c30ea954c231 : 2024-05-29 21:20:26 : 21:30 - 21:45 : 1111111111 line Notify Successfully
2024-05-29 21:24:39 :[PASS]: insert appointments to ewqwe : Itsaraphap : Uab21834db3808efbbe30c30ea954c231 : 2024-05-30 : 21:45 : 22:00 : 1232131232 Successfully
2024-05-29 21:24:40 :[PASS]: send message to ewqwe : Itsaraphap : Uab21834db3808efbbe30c30ea954c231 : 2024-05-29 21:24:40 : 21:45 - 22:00 : 1232131232 line OA Successfully
2024-05-29 21:24:40 :[PASS]: send message to ewqwe : Itsaraphap : Uab21834db3808efbbe30c30ea954c231 : 2024-05-29 21:24:40 : 21:45 - 22:00 : 1232131232 line OA Successfully
2024-05-29 21:24:40 :[PASS]: send message to ewqwe : Itsaraphap : Uab21834db3808efbbe30c30ea954c231 : 2024-05-29 21:24:40 : 21:45 - 22:00 : 1232131232 line Notify Successfully
2024-05-29 21:28:36 :[PASS]: insert appointments to sdfsfsdf : Itsaraphap : Uab21834db3808efbbe30c30ea954c231 : 2024-05-31 : 21:15 : 21:30 : 3333333333 Successfully
2024-05-29 21:28:36 :[PASS]: send message to sdfsfsdf : Itsaraphap : Uab21834db3808efbbe30c30ea954c231 : 2024-05-29 21:28:36 : 21:15 - 21:30 : 3333333333 line OA Successfully
2024-05-29 21:28:37 :[PASS]: send message to sdfsfsdf : Itsaraphap : Uab21834db3808efbbe30c30ea954c231 : 2024-05-29 21:28:37 : 21:15 - 21:30 : 3333333333 line OA Successfully
2024-05-29 21:28:37 :[PASS]: send message to sdfsfsdf : Itsaraphap : Uab21834db3808efbbe30c30ea954c231 : 2024-05-29 21:28:37 : 21:15 - 21:30 : 3333333333 line Notify Successfully
2024-05-29 21:36:35 :[PASS]: insert appointments to qqqqq : Itsaraphap : Uab21834db3808efbbe30c30ea954c231 : 2024-05-31 : 21:00 : 21:15 : 2222222222 Successfully
2024-05-29 21:36:36 :[PASS]: send message to qqqqq : Itsaraphap : Uab21834db3808efbbe30c30ea954c231 : 2024-05-29 21:36:36 : 21:00 - 21:15 : 2222222222 line OA Successfully
2024-05-29 21:36:36 :[PASS]: send message to qqqqq : Itsaraphap : Uab21834db3808efbbe30c30ea954c231 : 2024-05-29 21:36:36 : 21:00 - 21:15 : 2222222222 line OA Successfully
2024-05-29 21:36:36 :[PASS]: send message to qqqqq : Itsaraphap : Uab21834db3808efbbe30c30ea954c231 : 2024-05-29 21:36:36 : 21:00 - 21:15 : 2222222222 line Notify Successfully
2024-05-29 21:38:06 :[PASS]: insert appointments to 4234234 : Itsaraphap : Uab21834db3808efbbe30c30ea954c231 : 2024-05-31 : 21:30 : 21:45 : 2343243242 Successfully
2024-05-29 21:38:07 :[PASS]: send message to 4234234 : Itsaraphap : Uab21834db3808efbbe30c30ea954c231 : 2024-05-29 21:38:07 : 21:30 - 21:45 : 2343243242 line OA Successfully
2024-05-29 21:38:07 :[PASS]: send message to 4234234 : Itsaraphap : Uab21834db3808efbbe30c30ea954c231 : 2024-05-29 21:38:07 : 21:30 - 21:45 : 2343243242 line OA Successfully
2024-05-29 21:38:07 :[PASS]: send message to 4234234 : Itsaraphap : Uab21834db3808efbbe30c30ea954c231 : 2024-05-29 21:38:07 : 21:30 - 21:45 : 2343243242 line Notify Successfully
2024-05-29 21:39:37 :[PASS]: insert appointments to 23423423 : Itsaraphap : Uab21834db3808efbbe30c30ea954c231 : 2024-05-31 : 21:45 : 22:00 : 3242342342 Successfully
2024-05-29 21:39:37 :[PASS]: send message to 23423423 : Itsaraphap : Uab21834db3808efbbe30c30ea954c231 : 2024-05-29 21:39:37 : 21:45 - 22:00 : 3242342342 line OA Successfully
2024-05-30 01:32:08 :[Login]: Line Login to BIG DIGITAL BUSINESS UserID: U39e29d69ac4f02421ad328e273589875 Email: thanasitwebeyoung@gmail.com Picture: https://profile.line-scdn.net/0hXJqPZtPMB2VMKRdTH3J4MnBsCQg7BwEtNBxKAz4uDQBoHxVndkgcBm1-XVZiHUVjI0xMAmkrCQdm
2024-05-30 01:54:00 :[Login]: Line Login to Itsaraphap UserID: Uab21834db3808efbbe30c30ea954c231 Email: itsaraphap.top@gmail.com Picture: https://profile.line-scdn.net/0hQebNoUM-DkpfNx5tDyFxHWNyACcoGQgCJ1USKHgyUX9yARodNFITKSkwB397V08UYAESe3xgBH1y
2024-05-30 02:02:56 :[Login]: Line Login to Itsaraphap UserID: Uab21834db3808efbbe30c30ea954c231 Email: itsaraphap.top@gmail.com Picture: https://profile.line-scdn.net/0hQebNoUM-DkpfNx5tDyFxHWNyACcoGQgCJ1USKHgyUX9yARodNFITKSkwB397V08UYAESe3xgBH1y
2024-05-30 02:05:13 :[Login]: Line Login to Itsaraphap UserID: Uab21834db3808efbbe30c30ea954c231 Email: itsaraphap.top@gmail.com Picture: https://profile.line-scdn.net/0hQebNoUM-DkpfNx5tDyFxHWNyACcoGQgCJ1USKHgyUX9yARodNFITKSkwB397V08UYAESe3xgBH1y
2024-05-30 08:15:09 :[Login]: Line Login to May 🤍 UserID: U43ad9bbbad27960792f7f4a1f79801ba Email: natcha-may@hotmail.com Picture: https://profile.line-scdn.net/0hQcumXNzfDkxIFB4X5JlxG3RRACE_OggEMHtII2gVV3RgLBodcnIWLTlDBCtmLRscc3pFfWgXAi5h
2024-05-30 08:34:10 :[Login]: Line Login to SATANGBANK ᴥ UserID: U9654560ccd335c69a6bc8d0f20ce42a1 Email: tangbankstb456@gmail.com Picture: https://profile.line-scdn.net/0hb9p3w12tPRZNSi6wy3NCQXEPM3s6ZDteNSolJGxJMyAzKHpJcHkgJ2sfMHVpLn9EcSlzcmhMaiFj
2024-05-30 08:43:28 :[Login]: Line Login to Itsaraphap UserID: Uab21834db3808efbbe30c30ea954c231 Email: itsaraphap.top@gmail.com Picture: https://profile.line-scdn.net/0hQebNoUM-DkpfNx5tDyFxHWNyACcoGQgCJ1USKHgyUX9yARodNFITKSkwB397V08UYAESe3xgBH1y
2024-05-30 08:44:32 :[PASS]: insert appointments to Top : Itsaraphap : Uab21834db3808efbbe30c30ea954c231 : 2024-06-06 : 21:00 : 21:15 : 0942519661 Successfully
2024-05-30 08:44:34 :[PASS]: send message to Top : Itsaraphap : Uab21834db3808efbbe30c30ea954c231 : 2024-05-30 08:44:34 : 21:00 - 21:15 : 0942519661 line OA Successfully
2024-05-30 08:44:34 :[PASS]: send message to Top : Itsaraphap : Uab21834db3808efbbe30c30ea954c231 : 2024-05-30 08:44:34 : 21:00 - 21:15 : 0942519661 line OA Successfully
2024-05-30 08:49:12 :[Login]: Line Login to May 🤍 UserID: U43ad9bbbad27960792f7f4a1f79801ba Email: natcha-may@hotmail.com Picture: https://profile.line-scdn.net/0hQcumXNzfDkxIFB4X5JlxG3RRACE_OggEMHtII2gVV3RgLBodcnIWLTlDBCtmLRscc3pFfWgXAi5h
2024-05-30 09:23:31 :[Login]: Line Login to May 🤍 UserID: U43ad9bbbad27960792f7f4a1f79801ba Email: natcha-may@hotmail.com Picture: https://profile.line-scdn.net/0hQcumXNzfDkxIFB4X5JlxG3RRACE_OggEMHtII2gVV3RgLBodcnIWLTlDBCtmLRscc3pFfWgXAi5h
2024-05-31 14:50:31 :[Login]: Line Login to Itsaraphap UserID: Uab21834db3808efbbe30c30ea954c231 Email: itsaraphap.top@gmail.com Picture: https://profile.line-scdn.net/0hQebNoUM-DkpfNx5tDyFxHWNyACcoGQgCJ1USKHgyUX9yARodNFITKSkwB397V08UYAESe3xgBH1y
2024-06-03 01:37:40 :[Login]: Line Login to Itsaraphap UserID: Uab21834db3808efbbe30c30ea954c231 Email: itsaraphap.top@gmail.com Picture: https://profile.line-scdn.net/0hQebNoUM-DkpfNx5tDyFxHWNyACcoGQgCJ1USKHgyUX9yARodNFITKSkwB397V08UYAESe3xgBH1y
2024-06-03 01:47:01 :[Login]: Line Login to Itsaraphap UserID: Uab21834db3808efbbe30c30ea954c231 Email: itsaraphap.top@gmail.com Picture: https://profile.line-scdn.net/0hQebNoUM-DkpfNx5tDyFxHWNyACcoGQgCJ1USKHgyUX9yARodNFITKSkwB397V08UYAESe3xgBH1y
2024-06-03 02:21:36 :[Login]: Line Login to Itsaraphap UserID: Uab21834db3808efbbe30c30ea954c231 Email: itsaraphap.top@gmail.com Picture: https://profile.line-scdn.net/0hQebNoUM-DkpfNx5tDyFxHWNyACcoGQgCJ1USKHgyUX9yARodNFITKSkwB397V08UYAESe3xgBH1yCustomer Login:BookOK
2024-06-03 02:22:27 :[PASS]: insert appointments to uyiuyi : Itsaraphap : Uab21834db3808efbbe30c30ea954c231 : 2024-06-04 : 21:15 : 21:30 : 7676688767 Successfully
2024-06-03 02:22:29 :[PASS]: send message to uyiuyi : Itsaraphap : Uab21834db3808efbbe30c30ea954c231 : 2024-06-03 02:22:29 : 21:15 - 21:30 : 7676688767 line OA Successfully
2024-06-03 02:22:29 :[PASS]: send message to uyiuyi : Itsaraphap : Uab21834db3808efbbe30c30ea954c231 : 2024-06-03 02:22:29 : 21:15 - 21:30 : 7676688767 line OA Successfully
2024-06-03 02:26:00 :[PASS]: insert appointments to hjkhjkhkjh : Itsaraphap : Uab21834db3808efbbe30c30ea954c231 : 2024-06-21 : 21:00 : 21:15 : 7678676786 Successfully
2024-06-03 02:26:01 :[PASS]: send message to hjkhjkhkjh : Itsaraphap : Uab21834db3808efbbe30c30ea954c231 : 2024-06-03 02:26:01 : 21:00 - 21:15 : 7678676786 line OA Successfully
2024-06-03 02:26:02 :[PASS]: send message to hjkhjkhkjh : Itsaraphap : Uab21834db3808efbbe30c30ea954c231 : 2024-06-03 02:26:02 : 21:00 - 21:15 : 7678676786 line OA Successfully
2024-06-03 02:28:04 :[PASS]: insert appointments to ljlkjlkjkljlkj : Itsaraphap : Uab21834db3808efbbe30c30ea954c231 : 2024-06-20 : 21:45 : 22:00 : 9878978978 Successfully
2024-06-03 02:28:06 :[PASS]: send message to ljlkjlkjkljlkj : Itsaraphap : Uab21834db3808efbbe30c30ea954c231 : 2024-06-03 02:28:06 : 21:45 - 22:00 : 9878978978 line OA Successfully
2024-06-03 02:28:06 :[PASS]: send message to ljlkjlkjkljlkj : Itsaraphap : Uab21834db3808efbbe30c30ea954c231 : 2024-06-03 02:28:06 : 21:45 - 22:00 : 9878978978 line OA Successfully
2024-06-03 02:33:59 :[Login]: Line Login to Itsaraphap UserID: Uab21834db3808efbbe30c30ea954c231 Email: itsaraphap.top@gmail.com Picture: https://profile.line-scdn.net/0hQebNoUM-DkpfNx5tDyFxHWNyACcoGQgCJ1USKHgyUX9yARodNFITKSkwB397V08UYAESe3xgBH1yCustomer Login:BookOK
2024-06-03 13:47:19 :[Login]: Line Login to Itsaraphap UserID: Uab21834db3808efbbe30c30ea954c231 Email: itsaraphap.top@gmail.com Picture: https://profile.line-scdn.net/0hQebNoUM-DkpfNx5tDyFxHWNyACcoGQgCJ1USKHgyUX9yARodNFITKSkwB397V08UYAESe3xgBH1y Customer Login:BookOK
2024-06-03 13:49:31 :[Login]: Line Login to Itsaraphap UserID: Uab21834db3808efbbe30c30ea954c231 Email: itsaraphap.top@gmail.com Picture: https://profile.line-scdn.net/0hQebNoUM-DkpfNx5tDyFxHWNyACcoGQgCJ1USKHgyUX9yARodNFITKSkwB397V08UYAESe3xgBH1y Customer Login:BookOK
2024-06-03 13:53:12 :[Login]: Line Login to Itsaraphap UserID: Uab21834db3808efbbe30c30ea954c231 Email: itsaraphap.top@gmail.com Picture: https://profile.line-scdn.net/0hQebNoUM-DkpfNx5tDyFxHWNyACcoGQgCJ1USKHgyUX9yARodNFITKSkwB397V08UYAESe3xgBH1y Customer Login:BookOK
2024-06-06 11:20:03 :[Login]: Line Login to BIG DIGITAL BUSINESS UserID: U39e29d69ac4f02421ad328e273589875 Email: thanasitwebeyoung@gmail.com Picture: https://profile.line-scdn.net/0hXJqPZtPMB2VMKRdTH3J4MnBsCQg7BwEtNBxKAz4uDQBoHxVndkgcBm1-XVZiHUVjI0xMAmkrCQdm Customer Login:BookOK
2024-06-07 09:04:49 :[Login]: Line Login to  UserID:  Email:  Picture:  Customer Login:BookOK
2024-06-07 09:05:23 :[PASS]: insert appointments to ไไไไ :  :  : 2024-06-07 : 21:45 : 22:00 : 0123456789 Successfully
2024-06-07 09:05:23 :[PASS]: send message to ไไไไ :  :  : 2024-06-07 09:05:23 : 21:45 - 22:00 : 0123456789 line OA Successfully
2024-06-07 09:05:23 :[PASS]: send message to ไไไไ :  : Uab21834db3808efbbe30c30ea954c231 : 2024-06-07 09:05:23 : 21:45 - 22:00 : 0123456789 line OA Successfully
2024-06-07 09:07:24 :[Login]: Line Login to  UserID:  Email:  Picture:  Customer Login:BookOK
2024-06-07 09:07:41 :[Login]: Line Login to  UserID:  Email:  Picture:  Customer Login:BookOK
2024-06-07 09:30:32 :[Login]: Line Login to Itsaraphap UserID: Uab21834db3808efbbe30c30ea954c231 Email: itsaraphap.top@gmail.com Picture: https://profile.line-scdn.net/0hQebNoUM-DkpfNx5tDyFxHWNyACcoGQgCJ1USKHgyUX9yARodNFITKSkwB397V08UYAESe3xgBH1y Customer Login:BookOK
2024-06-07 09:30:59 :[PASS]: insert appointments to สสสสส : Itsaraphap : Uab21834db3808efbbe30c30ea954c231 : 2024-06-10 : 21:30 : 21:45 : 709663 Successfully
2024-06-07 09:31:02 :[PASS]: send message to สสสสส : Itsaraphap : Uab21834db3808efbbe30c30ea954c231 : 2024-06-07 09:31:02 : 21:30 - 21:45 : 709663 line OA Successfully
2024-06-07 09:31:02 :[PASS]: send message to สสสสส : Itsaraphap : Uab21834db3808efbbe30c30ea954c231 : 2024-06-07 09:31:02 : 21:30 - 21:45 : 709663 line OA Successfully
2024-06-07 10:13:25 :[Login]: Line Login to Itsaraphap UserID: Uab21834db3808efbbe30c30ea954c231 Email: itsaraphap.top@gmail.com Picture: https://profile.line-scdn.net/0hQebNoUM-DkpfNx5tDyFxHWNyACcoGQgCJ1USKHgyUX9yARodNFITKSkwB397V08UYAESe3xgBH1y Customer Login:BookOK
2024-06-07 14:55:51 :[Login]: Line Login to Itsaraphap UserID: Uab21834db3808efbbe30c30ea954c231 Email: itsaraphap.top@gmail.com Picture: https://profile.line-scdn.net/0hQebNoUM-DkpfNx5tDyFxHWNyACcoGQgCJ1USKHgyUX9yARodNFITKSkwB397V08UYAESe3xgBH1y Customer Login:BookOK
2024-06-07 14:59:59 :[PASS]: insert appointments to 34234324 : Itsaraphap : Uab21834db3808efbbe30c30ea954c231 : 2024-06-10 : 10:00 : 11:00 : 3243242342 Successfully
2024-06-07 15:00:01 :[PASS]: send message to 34234324 : Itsaraphap : Uab21834db3808efbbe30c30ea954c231 : 2024-06-07 15:00:01 : 10:00 - 11:00 : 3243242342 line OA Successfully
2024-06-07 15:00:01 :[PASS]: send message to 34234324 : Itsaraphap : Uab21834db3808efbbe30c30ea954c231 : 2024-06-07 15:00:01 : 10:00 - 11:00 : 3243242342 line OA Successfully
2024-06-07 15:01:38 :[PASS]: insert appointments to 34325435 : Itsaraphap : Uab21834db3808efbbe30c30ea954c231 : 2024-06-07 : 21:15 : 21:30 : 5345345345 Successfully
2024-06-07 15:01:40 :[PASS]: send message to 34325435 : Itsaraphap : Uab21834db3808efbbe30c30ea954c231 : 2024-06-07 15:01:40 : 21:15 - 21:30 : 5345345345 line OA Successfully
2024-06-07 15:01:40 :[PASS]: send message to 34325435 : Itsaraphap : Uab21834db3808efbbe30c30ea954c231 : 2024-06-07 15:01:40 : 21:15 - 21:30 : 5345345345 line OA Successfully
2024-06-07 15:05:27 :[PASS]: insert appointments to 43534 : Itsaraphap : Uab21834db3808efbbe30c30ea954c231 : 2024-06-10 : 00:00 : 00:00 : 345435435 Successfully
2024-06-07 15:05:27 :[PASS]: send message to 43534 : Itsaraphap : Uab21834db3808efbbe30c30ea954c231 : 2024-06-07 15:05:27 : 00:00 - 00:00 : 345435435 line OA Successfully
2024-06-07 15:05:27 :[PASS]: send message to 43534 : Itsaraphap : Uab21834db3808efbbe30c30ea954c231 : 2024-06-07 15:05:27 : 00:00 - 00:00 : 345435435 line OA Successfully
2024-06-08 01:23:11 :[Login]: Line Login to BIG DIGITAL BUSINESS UserID: U39e29d69ac4f02421ad328e273589875 Email: thanasitwebeyoung@gmail.com Picture: https://profile.line-scdn.net/0hXJqPZtPMB2VMKRdTH3J4MnBsCQg7BwEtNBxKAz4uDQBoHxVndkgcBm1-XVZiHUVjI0xMAmkrCQdm Customer Login:BookOK
