2023-07-22 09:45:26 :[PASS]: send message to eee : Unknow : U516fb04857ee160265efa25ae3055f09 : 2023-07-22 09:45:26 : 11:00 - 11:30 : 0942519661 line Notify Successfully
2023-07-22 09:45:28 :[PASS]: send message to eee : Unknow : U516fb04857ee160265efa25ae3055f09 : 2023-07-22 09:45:28 : 11:00 - 11:30 : 0942519661 line Notify Successfully
2023-07-22 09:45:45 :[PASS]: send message to hhhh : Unknow : U516fb04857ee160265efa25ae3055f09 : 2023-07-22 09:45:45 : 13:00 - 13:30 : hhhhh line Notify Successfully
2023-07-22 09:47:38 :[PASS]: send message to dddd : Unknow : U516fb04857ee160265efa25ae3055f09 : 2023-07-22 09:47:38 : 11:00 - 11:30 : 0942519661 line Notify Successfully
2023-07-22 09:52:30 :[PASS]: send message to fff : Unknow : U516fb04857ee160265efa25ae3055f09 : 2023-07-22 09:52:30 : 11:00 - 11:30 : 0000000000 line Notify Successfully
2023-07-22 09:54:30 :[PASS]: send message to ดดดดด : Unknow : U516fb04857ee160265efa25ae3055f09 : 2023-07-22 09:54:30 : 14:00 - 14:30 : 3333333333 line Notify Successfully
2023-07-22 09:55:24 :[PASS]: send message to ddddd : Unknow : U516fb04857ee160265efa25ae3055f09 : 2023-07-22 09:55:24 : 15:00 - 15:30 : 4444444444 line Notify Successfully
2023-07-22 09:58:48 :[PASS]: send message to vvv : Unknow : U516fb04857ee160265efa25ae3055f09 : 2023-07-22 09:58:48 : 11:00 - 11:30 : 3333333333 line Notify Successfully
2023-07-22 10:00:17 :[PASS]: send message to rrrrr : Unknow : U516fb04857ee160265efa25ae3055f09 : 2023-07-22 10:00:17 : 11:00 - 11:30 : 4444444444 line Notify Successfully
2023-07-22 10:00:56 :[PASS]: send message to hhhhhhh : Unknow : U516fb04857ee160265efa25ae3055f09 : 2023-07-22 10:00:56 : 11:00 - 12:00 : 7777777777 line Notify Successfully
2023-07-22 10:08:02 :[PASS]: send message to ทดสอบ : BIG DIGITAL BUSINESS : U3a2861ca14f38e266a0cd4d21d611f05 : 2023-07-22 10:08:02 : 15:00 - 15:30 : 0951620554 line Notify Successfully
2023-07-22 10:49:11 :[PASS]: send message to dddd : Unknow : U516fb04857ee160265efa25ae3055f09 : 2023-07-22 10:49:11 : 14:00 - 14:30 : 5555555555 line Notify Successfully
2023-07-22 10:50:59 :[PASS]: send message to qqqq : Unknow : U516fb04857ee160265efa25ae3055f09 : 2023-07-22 10:50:59 : 15:00 - 15:30 : 1111111111 line Notify Successfully
2023-07-22 10:51:51 :[PASS]: send message to qqqq : Unknow : U516fb04857ee160265efa25ae3055f09 : 2023-07-22 10:51:51 : 11:00 - 11:30 : 2222222222 line Notify Successfully
2023-07-22 10:53:23 :[PASS]: send message to vvvvv : Unknow : U516fb04857ee160265efa25ae3055f09 : 2023-07-22 10:53:23 : 13:00 - 13:30 : 3333333333 line Notify Successfully
2023-07-22 10:55:29 :[PASS]: send message to sss : Unknow : U516fb04857ee160265efa25ae3055f09 : 2023-07-22 10:55:29 : 11:00 - 11:30 : 4444444444 line Notify Successfully
2023-07-22 10:58:16 :[PASS]: send message to ddddddd : Unknow : U516fb04857ee160265efa25ae3055f09 : 2023-07-22 10:58:16 : 14:00 - 14:30 : 3333333333 line Notify Successfully
2023-07-22 11:01:26 :[PASS]: send message to ssss : Unknow : U516fb04857ee160265efa25ae3055f09 : 2023-07-22 11:01:26 : 14:00 - 14:30 : 2222222222 line Notify Successfully
2023-07-22 11:02:50 :[PASS]: send message to ทดสอบ : BIG DIGITAL BUSINESS : U3a2861ca14f38e266a0cd4d21d611f05 : 2023-07-22 11:02:50 : 15:00 - 15:30 : 0951620554 line Notify Successfully
2023-07-22 11:03:10 :[PASS]: send message to sssssssss : Unknow : U516fb04857ee160265efa25ae3055f09 : 2023-07-22 11:03:10 : 11:00 - 11:30 : 2333333333 line Notify Successfully
2023-07-22 11:04:38 :[PASS]: send message to dddd : Unknow : U516fb04857ee160265efa25ae3055f09 : 2023-07-22 11:04:38 : 14:00 - 14:30 : 8888888888 line Notify Successfully
2023-07-22 11:54:55 :[PASS]: send message to cxcvxcv : Unknow : U516fb04857ee160265efa25ae3055f09 : 2023-07-22 11:54:55 : 11:00 - 11:30 : 3423423423 line Notify Successfully
2023-07-22 11:57:23 :[PASS]: send message to ทดสอบ : BIG DIGITAL BUSINESS : U3a2861ca14f38e266a0cd4d21d611f05 : 2023-07-22 11:57:23 : 14:00 - 14:30 : 0951620554 line Notify Successfully
2023-07-22 11:58:01 :[PASS]: send message to 22222 : Unknow : U516fb04857ee160265efa25ae3055f09 : 2023-07-22 11:58:01 : 15:00 - 15:30 : 2222222222 line Notify Successfully
2023-07-22 12:00:00 :[PASS]: send message to sss : Unknow : U516fb04857ee160265efa25ae3055f09 : 2023-07-22 12:00:00 : 11:00 - 11:30 : 3453453453 line Notify Successfully
2023-07-22 12:02:24 :[PASS]: send message to dddd : Unknow : U516fb04857ee160265efa25ae3055f09 : 2023-07-22 12:02:24 : 13:00 - 13:30 : 4444444444 line Notify Successfully
2023-07-22 12:05:45 :[PASS]: send message to cxcc : Unknow : U516fb04857ee160265efa25ae3055f09 : 2023-07-22 12:05:45 : 15:00 - 15:30 : 3532444523 line Notify Successfully
2023-07-22 12:08:00 :[PASS]: send message to แแ : Unknow : U516fb04857ee160265efa25ae3055f09 : 2023-07-22 12:08:00 : 13:00 - 13:30 : 4353455435 line Notify Successfully
2023-07-22 12:08:48 :[PASS]: send message to sdfgdfg : Unknow : U516fb04857ee160265efa25ae3055f09 : 2023-07-22 12:08:48 : 11:00 - 11:30 : 4353453453 line Notify Successfully
2023-07-22 12:09:54 :[PASS]: send message to dfdf : Unknow : U516fb04857ee160265efa25ae3055f09 : 2023-07-22 12:09:54 : 11:00 - 11:30 : 3423423423 line Notify Successfully
2023-07-22 12:11:20 :[PASS]: send message to eeee : Unknow : U516fb04857ee160265efa25ae3055f09 : 2023-07-22 12:11:20 : 13:00 - 13:30 : 3423423423 line Notify Successfully
2023-07-22 12:12:41 :[PASS]: send message to dfgdfg : Unknow : U516fb04857ee160265efa25ae3055f09 : 2023-07-22 12:12:41 : 14:00 - 14:30 : 4353453434 line Notify Successfully
2023-07-22 12:22:06 :[PASS]: send message to Test : BIG DIGITAL BUSINESS : U3a2861ca14f38e266a0cd4d21d611f05 : 2023-07-22 12:22:06 : 15:00 - 15:30 : 0951620554 line Notify Successfully
2023-08-21 03:59:36 :[PASS]: send message to ทดสอบ : BIG DIGITAL BUSINESS : U3a2861ca14f38e266a0cd4d21d611f05 : 2023-08-21 03:59:36 : 10:00 - 11:00 : 0951620554 line Notify Successfully
2023-09-28 12:59:00 :[PASS]: send message to Bank : BANKK® : Ua7a8d71a4182b70263430a9bb696c42e : 2023-09-28 12:59:00 : 13:00 - 15:00 : 0893999979 line Notify Successfully
2024-05-25 04:01:15 :[PASS]: send message to  :  :  : 2024-05-25 04:01:15 :  :  line Notify Successfully
2024-05-25 04:01:56 :[PASS]: send message to  :  :  : 2024-05-25 04:01:56 :  :  line Notify Successfully
2024-05-25 04:03:28 :[PASS]: send message to  :  :  : 2024-05-25 04:03:28 :  :  line Notify Successfully
2024-05-25 04:04:51 :[PASS]: send message to  :  :  : 2024-05-25 04:04:51 :  :  line Notify Successfully
2024-05-25 04:07:15 :[PASS]: send message to 634636 : Itsaraphap : Uab21834db3808efbbe30c30ea954c231 : 2024-05-25 04:07:15 : 10:00 - 11:00 : 34563456 line Notify Successfully
2024-05-25 04:51:44 :[PASS]: send message to Bug : BIG DIGITAL BUSINESS : U39e29d69ac4f02421ad328e273589875 : 2024-05-25 04:51:44 : 10:00 - 11:00 : 0952222222 line Notify Successfully
2024-05-25 04:53:16 :[PASS]: send message to Big : BIG DIGITAL BUSINESS : U39e29d69ac4f02421ad328e273589875 : 2024-05-25 04:53:16 : 21:00 - 21:15 : 0951620554 line Notify Successfully
2024-05-25 06:30:04 :[PASS]: send message to  ทดสอบ : BIG DIGITAL BUSINESS : U39e29d69ac4f02421ad328e273589875 : 2024-05-25 06:30:04 : 21:15 - 21:30 : 0951620554 line Notify Successfully
2024-05-25 07:21:53 :[PASS]: send message to Big : BIG DIGITAL BUSINESS : U39e29d69ac4f02421ad328e273589875 : 2024-05-25 07:21:53 : 21:00 - 21:15 : 0951938458 line Notify Successfully
2024-05-25 07:32:21 :[PASS]: send message to ทดสอบ : BIG DIGITAL BUSINESS : U39e29d69ac4f02421ad328e273589875 : 2024-05-25 07:32:21 : 21:00 - 21:15 : 0951620554 line Notify Successfully
2024-05-25 08:00:04 :[PASS]: send message to testss : Itsaraphap : Uab21834db3808efbbe30c30ea954c231 : 2024-05-25 08:00:04 : 21:30 - 21:45 : 2342342342 line Notify Successfully
2024-05-25 08:02:09 :[PASS]: send message to test : Itsaraphap : Uab21834db3808efbbe30c30ea954c231 : 2024-05-25 08:02:09 : 21:45 - 22:00 : 2345352 line Notify Successfully
2024-05-25 08:03:59 :[PASS]: send message to 3435235 : Itsaraphap : Uab21834db3808efbbe30c30ea954c231 : 2024-05-25 08:03:59 : 21:00 - 21:15 : 2345234523 line Notify Successfully
2024-05-25 08:06:20 :[PASS]: send message to ทดสอบ : BIG DIGITAL BUSINESS : U39e29d69ac4f02421ad328e273589875 : 2024-05-25 08:06:20 : 11:01 - 12:00 : 0953333333 line Notify Successfully
2024-05-25 08:23:43 :[PASS]: send message to เม : May 🤍 : U43ad9bbbad27960792f7f4a1f79801ba : 2024-05-25 08:23:43 : 21:15 - 21:30 : 0950511112 line Notify Successfully
2024-05-25 09:01:02 :[PASS]: send message to top : Itsaraphap : Uab21834db3808efbbe30c30ea954c231 : 2024-05-25 09:01:02 : 21:00 - 21:15 : 45345345 line Notify Successfully
2024-05-26 07:19:51 :[PASS]: send message to Ggghh : Itsaraphap : Uab21834db3808efbbe30c30ea954c231 : 2024-05-26 07:19:51 : 21:30 - 21:45 : 0999999999 line Notify Successfully
2024-05-29 21:17:36 :[PASS]: send message to test : Itsaraphap : Uab21834db3808efbbe30c30ea954c231 : 2024-05-29 21:17:36 : 21:30 - 21:45 : 4522345243 line Notify Successfully
2024-05-29 21:20:27 :[PASS]: send message to aaaa : Itsaraphap : Uab21834db3808efbbe30c30ea954c231 : 2024-05-29 21:20:27 : 21:30 - 21:45 : 1111111111 line Notify Successfully
2024-05-29 21:24:41 :[PASS]: send message to ewqwe : Itsaraphap : Uab21834db3808efbbe30c30ea954c231 : 2024-05-29 21:24:41 : 21:45 - 22:00 : 1232131232 line Notify Successfully
2024-05-29 21:28:37 :[PASS]: send message to sdfsfsdf : Itsaraphap : Uab21834db3808efbbe30c30ea954c231 : 2024-05-29 21:28:37 : 21:15 - 21:30 : 3333333333 line Notify Successfully
2024-05-29 21:36:37 :[PASS]: send message to qqqqq : Itsaraphap : Uab21834db3808efbbe30c30ea954c231 : 2024-05-29 21:36:37 : 21:00 - 21:15 : 2222222222 line Notify Successfully
2024-05-29 21:38:08 :[PASS]: send message to 4234234 : Itsaraphap : Uab21834db3808efbbe30c30ea954c231 : 2024-05-29 21:38:08 : 21:30 - 21:45 : 2343243242 line Notify Successfully
2024-05-29 21:39:37 :[PASS]: send message to 23423423 : Itsaraphap : Uab21834db3808efbbe30c30ea954c231 : 2024-05-29 21:39:37 : 21:45 - 22:00 : 3242342342 line Notify Successfully
2024-05-30 08:44:34 :[PASS]: send message to Top : Itsaraphap : Uab21834db3808efbbe30c30ea954c231 : 2024-05-30 08:44:34 : 21:00 - 21:15 : 0942519661 line Notify Successfully
2024-06-03 02:22:29 :[PASS]: send message to uyiuyi : Itsaraphap : Uab21834db3808efbbe30c30ea954c231 : 2024-06-03 02:22:29 : 21:15 - 21:30 : 7676688767 line Notify Successfully
2024-06-03 02:26:02 :[PASS]: send message to hjkhjkhkjh : Itsaraphap : Uab21834db3808efbbe30c30ea954c231 : 2024-06-03 02:26:02 : 21:00 - 21:15 : 7678676786 line Notify Successfully
2024-06-03 02:28:06 :[PASS]: send message to ljlkjlkjkljlkj : Itsaraphap : Uab21834db3808efbbe30c30ea954c231 : 2024-06-03 02:28:06 : 21:45 - 22:00 : 9878978978 line Notify Successfully
2024-06-07 09:05:23 :[PASS]: send message to ไไไไ :  :  : 2024-06-07 09:05:23 : 21:45 - 22:00 : 0123456789 line Notify Successfully
2024-06-07 09:31:02 :[PASS]: send message to สสสสส : Itsaraphap : Uab21834db3808efbbe30c30ea954c231 : 2024-06-07 09:31:02 : 21:30 - 21:45 : 709663 line Notify Successfully
2024-06-07 15:00:01 :[PASS]: send message to 34234324 : Itsaraphap : Uab21834db3808efbbe30c30ea954c231 : 2024-06-07 15:00:01 : 10:00 - 11:00 : 3243242342 line Notify Successfully
2024-06-07 15:01:40 :[PASS]: send message to 34325435 : Itsaraphap : Uab21834db3808efbbe30c30ea954c231 : 2024-06-07 15:01:40 : 21:15 - 21:30 : 5345345345 line Notify Successfully
2024-06-07 15:05:27 :[PASS]: send message to 43534 : Itsaraphap : Uab21834db3808efbbe30c30ea954c231 : 2024-06-07 15:05:27 : 00:00 - 00:00 : 345435435 line Notify Successfully
